<?xml version="1.0" encoding="UTF-8"?>
<testsuite name="End to End Web Security"
           tests="1"
           failures="1"
           errors="0"
           skipped="0"
           time="269,417">
  <properties />
            <testcase name="feature" time="269,417" classname="TestRunner">
                <failure type="cucumber.runtime.CucumberException"
                  message="org.openqa.selenium.NoSuchElementException: no such element: Unable to locate element: {&quot;method&quot;:&quot;xpath&quot;,&quot;selector&quot;:&quot;//*[@id=&quot;step2&quot;]/div[3]/div[1]/dl/dd&quot;}
  (Session info: chrome=69.0.3497.100)
  (Driver info: chromedriver=2.42.591071 (0b695ff80972cc1a65a5cd643186d2ae582cd4ac),platform=Linux 4.9.125-linuxkit x86_64) (WARNING: The server did not provide any stacktrace information)
Command duration or timeout: 30.03 seconds
For documentation on this error, please visit: http://seleniumhq.org/exceptions/no_such_element.html
Build info: version: &apos;2.53.0&apos;, revision: &apos;35ae25b1534ae328c771e0856c93e187490ca824&apos;, time: &apos;2016-03-15 10:43:46&apos;
System info: host: &apos;MacBook-Pro.local&apos;, ip: &apos;10.242.177.49&apos;, os.name: &apos;Mac OS X&apos;, os.arch: &apos;x86_64&apos;, os.version: &apos;10.14.5&apos;, java.version: &apos;1.8.0_211&apos;
Driver info: org.openqa.selenium.remote.RemoteWebDriver
Capabilities [{mobileEmulationEnabled=false, hasTouchScreen=false, platform=LINUX, acceptSslCerts=false, goog:chromeOptions={debuggerAddress=localhost:35919}, acceptInsecureCerts=false, webStorageEnabled=true, browserName=chrome, takesScreenshot=true, javascriptEnabled=true, setWindowRect=true, unexpectedAlertBehaviour=, applicationCacheEnabled=false, rotatable=false, networkConnectionEnabled=false, chrome={chromedriverVersion=2.42.591071 (0b695ff80972cc1a65a5cd643186d2ae582cd4ac), userDataDir=/tmp/.org.chromium.Chromium.SqH9M5}, takesHeapSnapshot=true, pageLoadStrategy=normal, databaseEnabled=false, handlesAlerts=true, version=69.0.3497.100, browserConnectionEnabled=false, nativeEvents=true, webdriver.remote.sessionid=593ba230a4493a191b3f69a66e531cf5, locationContextEnabled=true, cssSelectorsEnabled=true}]
Session ID: 593ba230a4493a191b3f69a66e531cf5
*** Element info: {Using=xpath, value=//*[@id=&quot;step2&quot;]/div[3]/div[1]/dl/dd}"
              >
<![CDATA[cucumber.runtime.CucumberException: org.openqa.selenium.NoSuchElementException: no such element: Unable to locate element: {"method":"xpath","selector":"//*[@id="step2"]/div[3]/div[1]/dl/dd"}
  (Session info: chrome=69.0.3497.100)
  (Driver info: chromedriver=2.42.591071 (0b695ff80972cc1a65a5cd643186d2ae582cd4ac),platform=Linux 4.9.125-linuxkit x86_64) (WARNING: The server did not provide any stacktrace information)
Command duration or timeout: 30.03 seconds
For documentation on this error, please visit: http://seleniumhq.org/exceptions/no_such_element.html
Build info: version: '2.53.0', revision: '35ae25b1534ae328c771e0856c93e187490ca824', time: '2016-03-15 10:43:46'
System info: host: 'MacBook-Pro.local', ip: '10.242.177.49', os.name: 'Mac OS X', os.arch: 'x86_64', os.version: '10.14.5', java.version: '1.8.0_211'
Driver info: org.openqa.selenium.remote.RemoteWebDriver
Capabilities [{mobileEmulationEnabled=false, hasTouchScreen=false, platform=LINUX, acceptSslCerts=false, goog:chromeOptions={debuggerAddress=localhost:35919}, acceptInsecureCerts=false, webStorageEnabled=true, browserName=chrome, takesScreenshot=true, javascriptEnabled=true, setWindowRect=true, unexpectedAlertBehaviour=, applicationCacheEnabled=false, rotatable=false, networkConnectionEnabled=false, chrome={chromedriverVersion=2.42.591071 (0b695ff80972cc1a65a5cd643186d2ae582cd4ac), userDataDir=/tmp/.org.chromium.Chromium.SqH9M5}, takesHeapSnapshot=true, pageLoadStrategy=normal, databaseEnabled=false, handlesAlerts=true, version=69.0.3497.100, browserConnectionEnabled=false, nativeEvents=true, webdriver.remote.sessionid=593ba230a4493a191b3f69a66e531cf5, locationContextEnabled=true, cssSelectorsEnabled=true}]
Session ID: 593ba230a4493a191b3f69a66e531cf5
*** Element info: {Using=xpath, value=//*[@id="step2"]/div[3]/div[1]/dl/dd}
  cucumber.api.testng.TestNGCucumberRunner.runCucumber(TestNGCucumberRunner.java:69)
  TestRunner.feature(TestRunner.java:30)
  sun.reflect.NativeMethodAccessorImpl.invoke0(Native Method)
  sun.reflect.NativeMethodAccessorImpl.invoke(NativeMethodAccessorImpl.java:62)
  sun.reflect.DelegatingMethodAccessorImpl.invoke(DelegatingMethodAccessorImpl.java:43)
  java.lang.reflect.Method.invoke(Method.java:498)
  org.testng.internal.MethodInvocationHelper.invokeMethod(MethodInvocationHelper.java:85)
  org.testng.internal.Invoker.invokeMethod(Invoker.java:639)
  org.testng.internal.Invoker.invokeTestMethod(Invoker.java:816)
  org.testng.internal.Invoker.invokeTestMethods(Invoker.java:1124)
  org.testng.internal.TestMethodWorker.invokeTestMethods(TestMethodWorker.java:125)
  org.testng.internal.TestMethodWorker.run(TestMethodWorker.java:108)
  org.testng.TestRunner.privateRun(TestRunner.java:774)
  org.testng.TestRunner.run(TestRunner.java:624)
  org.testng.SuiteRunner.runTest(SuiteRunner.java:359)
  org.testng.SuiteRunner.access$000(SuiteRunner.java:39)
  org.testng.SuiteRunner$SuiteWorker.run(SuiteRunner.java:393)
  org.testng.internal.thread.ThreadUtil$2.call(ThreadUtil.java:64)
  java.util.concurrent.FutureTask.run(FutureTask.java:266)
  java.util.concurrent.ThreadPoolExecutor.runWorker(ThreadPoolExecutor.java:1149)
  java.util.concurrent.ThreadPoolExecutor$Worker.run(ThreadPoolExecutor.java:624)
  java.lang.Thread.run(Thread.java:748)
Caused by: org.openqa.selenium.NoSuchElementException: no such element: Unable to locate element: {"method":"xpath","selector":"//*[@id="step2"]/div[3]/div[1]/dl/dd"}
  (Session info: chrome=69.0.3497.100)
  (Driver info: chromedriver=2.42.591071 (0b695ff80972cc1a65a5cd643186d2ae582cd4ac),platform=Linux 4.9.125-linuxkit x86_64) (WARNING: The server did not provide any stacktrace information)
Command duration or timeout: 30.03 seconds
For documentation on this error, please visit: http://seleniumhq.org/exceptions/no_such_element.html
Build info: version: '2.53.0', revision: '35ae25b1534ae328c771e0856c93e187490ca824', time: '2016-03-15 10:43:46'
System info: host: 'MacBook-Pro.local', ip: '10.242.177.49', os.name: 'Mac OS X', os.arch: 'x86_64', os.version: '10.14.5', java.version: '1.8.0_211'
Driver info: org.openqa.selenium.remote.RemoteWebDriver
Capabilities [{mobileEmulationEnabled=false, hasTouchScreen=false, platform=LINUX, acceptSslCerts=false, goog:chromeOptions={debuggerAddress=localhost:35919}, acceptInsecureCerts=false, webStorageEnabled=true, browserName=chrome, takesScreenshot=true, javascriptEnabled=true, setWindowRect=true, unexpectedAlertBehaviour=, applicationCacheEnabled=false, rotatable=false, networkConnectionEnabled=false, chrome={chromedriverVersion=2.42.591071 (0b695ff80972cc1a65a5cd643186d2ae582cd4ac), userDataDir=/tmp/.org.chromium.Chromium.SqH9M5}, takesHeapSnapshot=true, pageLoadStrategy=normal, databaseEnabled=false, handlesAlerts=true, version=69.0.3497.100, browserConnectionEnabled=false, nativeEvents=true, webdriver.remote.sessionid=593ba230a4493a191b3f69a66e531cf5, locationContextEnabled=true, cssSelectorsEnabled=true}]
Session ID: 593ba230a4493a191b3f69a66e531cf5
*** Element info: {Using=xpath, value=//*[@id="step2"]/div[3]/div[1]/dl/dd}
  sun.reflect.NativeConstructorAccessorImpl.newInstance0(Native Method)
  sun.reflect.NativeConstructorAccessorImpl.newInstance(NativeConstructorAccessorImpl.java:62)
  sun.reflect.DelegatingConstructorAccessorImpl.newInstance(DelegatingConstructorAccessorImpl.java:45)
  java.lang.reflect.Constructor.newInstance(Constructor.java:423)
  org.openqa.selenium.remote.ErrorHandler.createThrowable(ErrorHandler.java:206)
  org.openqa.selenium.remote.ErrorHandler.throwIfResponseFailed(ErrorHandler.java:158)
  org.openqa.selenium.remote.RemoteWebDriver.execute(RemoteWebDriver.java:678)
  org.openqa.selenium.remote.RemoteWebDriver.findElement(RemoteWebDriver.java:363)
  org.openqa.selenium.remote.RemoteWebDriver.findElementByXPath(RemoteWebDriver.java:500)
  org.openqa.selenium.By$ByXPath.findElement(By.java:361)
  org.openqa.selenium.remote.RemoteWebDriver.findElement(RemoteWebDriver.java:355)
  utils.SeleniumUtils.validateValueinXPath(SeleniumUtils.java:76)
  stepdefs.StepDefinitions.CalculateAmount(StepDefinitions.java:228)
  ✽.And Validar Monto de gastos operacionales(CompraVentaAcciones.feature:91)
]]>
      </failure>

          </testcase>
  
  
  
</testsuite>
